# JRE version: Java(TM) SE Runtime Environment (8.0_151-b12) (build 1.8.0_151-b12)
# Java VM: Java HotSpot(TM) 64-Bit Server VM (25.151-b12 mixed mode windows-amd64 compressed oops)
Heap:
 PSYoungGen      total 375808K, used 54683K [0x000000076b500000, 0x0000000788a80000, 0x00000007c0000000)
  eden space 360960K, 15% used [0x000000076b500000,0x000000076ea66f90,0x0000000781580000)
  from space 14848K, 0% used [0x0000000781580000,0x0000000781580000,0x0000000782400000)
  to   space 18432K, 0% used [0x0000000787880000,0x0000000787880000,0x0000000788a80000)
 ParOldGen       total 179712K, used 27898K [0x00000006c1e00000, 0x00000006ccd80000, 0x000000076b500000)
  object space 179712K, 15% used [0x00000006c1e00000,0x00000006c393ebf0,0x00000006ccd80000)
 Metaspace       used 56663K, capacity 60120K, committed 60248K, reserved 1101824K
  class space    used 7393K, capacity 7992K, committed 8064K, reserved 1048576K
GC Heap History (10 events):
Event: 6.135 GC heap before
{Heap before GC invocations=8 (full 1):
 PSYoungGen      total 232448K, used 36630K [0x000000076b500000, 0x000000077a600000, 0x00000007c0000000)
  eden space 222720K, 12% used [0x000000076b500000,0x000000076cf4c928,0x0000000778e80000)
  from space 9728K, 99% used [0x0000000779c80000,0x000000077a5f9260,0x000000077a600000)
  to   space 11776K, 0% used [0x0000000778f00000,0x0000000778f00000,0x0000000779a80000)
 ParOldGen       total 85504K, used 6337K [0x00000006c1e00000, 0x00000006c7180000, 0x000000076b500000)
  object space 85504K, 7% used [0x00000006c1e00000,0x00000006c2430450,0x00000006c7180000)
 Metaspace       used 33343K, capacity 35320K, committed 35416K, reserved 1079296K
  class space    used 4309K, capacity 4678K, committed 4736K, reserved 1048576K
Event: 6.142 GC heap after
Heap after GC invocations=8 (full 1):
 PSYoungGen      total 235008K, used 8068K [0x000000076b500000, 0x0000000783280000, 0x00000007c0000000)
  eden space 223232K, 0% used [0x000000076b500000,0x000000076b500000,0x0000000778f00000)
  from space 11776K, 68% used [0x0000000778f00000,0x00000007796e13d8,0x0000000779a80000)
  to   space 11264K, 0% used [0x0000000782780000,0x0000000782780000,0x0000000783280000)
 ParOldGen       total 85504K, used 6345K [0x00000006c1e00000, 0x00000006c7180000, 0x000000076b500000)
  object space 85504K, 7% used [0x00000006c1e00000,0x00000006c2432450,0x00000006c7180000)
 Metaspace       used 33343K, capacity 35320K, committed 35416K, reserved 1079296K
  class space    used 4309K, capacity 4678K, committed 4736K, reserved 1048576K
}
Event: 6.142 GC heap before
{Heap before GC invocations=9 (full 2):
 PSYoungGen      total 235008K, used 8068K [0x000000076b500000, 0x0000000783280000, 0x00000007c0000000)
  eden space 223232K, 0% used [0x000000076b500000,0x000000076b500000,0x0000000778f00000)
  from space 11776K, 68% used [0x0000000778f00000,0x00000007796e13d8,0x0000000779a80000)
  to   space 11264K, 0% used [0x0000000782780000,0x0000000782780000,0x0000000783280000)
 ParOldGen       total 85504K, used 6345K [0x00000006c1e00000, 0x00000006c7180000, 0x000000076b500000)
  object space 85504K, 7% used [0x00000006c1e00000,0x00000006c2432450,0x00000006c7180000)
 Metaspace       used 33343K, capacity 35320K, committed 35416K, reserved 1079296K
  class space    used 4309K, capacity 4678K, committed 4736K, reserved 1048576K
Event: 6.199 GC heap after
Heap after GC invocations=9 (full 2):
 PSYoungGen      total 235008K, used 0K [0x000000076b500000, 0x0000000783280000, 0x00000007c0000000)
  eden space 223232K, 0% used [0x000000076b500000,0x000000076b500000,0x0000000778f00000)
  from space 11776K, 0% used [0x0000000778f00000,0x0000000778f00000,0x0000000779a80000)
  to   space 11264K, 0% used [0x0000000782780000,0x0000000782780000,0x0000000783280000)
 ParOldGen       total 126464K, used 12186K [0x00000006c1e00000, 0x00000006c9980000, 0x000000076b500000)
  object space 126464K, 9% used [0x00000006c1e00000,0x00000006c29e6878,0x00000006c9980000)
 Metaspace       used 33343K, capacity 35320K, committed 35416K, reserved 1079296K
  class space    used 4309K, capacity 4678K, committed 4736K, reserved 1048576K
}
Event: 10.133 GC heap before
{Heap before GC invocations=10 (full 2):
 PSYoungGen      total 235008K, used 223232K [0x000000076b500000, 0x0000000783280000, 0x00000007c0000000)
  eden space 223232K, 100% used [0x000000076b500000,0x0000000778f00000,0x0000000778f00000)
  from space 11776K, 0% used [0x0000000778f00000,0x0000000778f00000,0x0000000779a80000)
  to   space 11264K, 0% used [0x0000000782780000,0x0000000782780000,0x0000000783280000)
 ParOldGen       total 126464K, used 12186K [0x00000006c1e00000, 0x00000006c9980000, 0x000000076b500000)
  object space 126464K, 9% used [0x00000006c1e00000,0x00000006c29e6878,0x00000006c9980000)
 Metaspace       used 45863K, capacity 48528K, committed 48728K, reserved 1091584K
  class space    used 5969K, capacity 6456K, committed 6528K, reserved 1048576K
Event: 10.147 GC heap after
Heap after GC invocations=10 (full 2):
 PSYoungGen      total 355840K, used 11239K [0x000000076b500000, 0x0000000783280000, 0x00000007c0000000)
  eden space 344576K, 0% used [0x000000076b500000,0x000000076b500000,0x0000000780580000)
  from space 11264K, 99% used [0x0000000782780000,0x0000000783279ee0,0x0000000783280000)
  to   space 14848K, 0% used [0x0000000781580000,0x0000000781580000,0x0000000782400000)
 ParOldGen       total 126464K, used 17080K [0x00000006c1e00000, 0x00000006c9980000, 0x000000076b500000)
  object space 126464K, 13% used [0x00000006c1e00000,0x00000006c2eae140,0x00000006c9980000)
 Metaspace       used 45863K, capacity 48528K, committed 48728K, reserved 1091584K
  class space    used 5969K, capacity 6456K, committed 6528K, reserved 1048576K
}
Event: 19.357 GC heap before
{Heap before GC invocations=11 (full 2):
 PSYoungGen      total 355840K, used 233292K [0x000000076b500000, 0x0000000783280000, 0x00000007c0000000)
  eden space 344576K, 64% used [0x000000076b500000,0x0000000778dd9480,0x0000000780580000)
  from space 11264K, 99% used [0x0000000782780000,0x0000000783279ee0,0x0000000783280000)
  to   space 14848K, 0% used [0x0000000781580000,0x0000000781580000,0x0000000782400000)
 ParOldGen       total 126464K, used 17080K [0x00000006c1e00000, 0x00000006c9980000, 0x000000076b500000)
  object space 126464K, 13% used [0x00000006c1e00000,0x00000006c2eae140,0x00000006c9980000)
 Metaspace       used 55539K, capacity 58858K, committed 59028K, reserved 1099776K
  class space    used 7237K, capacity 7813K, committed 7936K, reserved 1048576K
Event: 19.371 GC heap after
Heap after GC invocations=11 (full 2):
 PSYoungGen      total 375808K, used 14839K [0x000000076b500000, 0x0000000788a80000, 0x00000007c0000000)
  eden space 360960K, 0% used [0x000000076b500000,0x000000076b500000,0x0000000781580000)
  from space 14848K, 99% used [0x0000000781580000,0x00000007823fdf38,0x0000000782400000)
  to   space 18432K, 0% used [0x0000000787880000,0x0000000787880000,0x0000000788a80000)
 ParOldGen       total 126464K, used 21587K [0x00000006c1e00000, 0x00000006c9980000, 0x000000076b500000)
  object space 126464K, 17% used [0x00000006c1e00000,0x00000006c3314d90,0x00000006c9980000)
 Metaspace       used 55539K, capacity 58858K, committed 59028K, reserved 1099776K
  class space    used 7237K, capacity 7813K, committed 7936K, reserved 1048576K
}
Event: 19.371 GC heap before
{Heap before GC invocations=12 (full 3):
 PSYoungGen      total 375808K, used 14839K [0x000000076b500000, 0x0000000788a80000, 0x00000007c0000000)
  eden space 360960K, 0% used [0x000000076b500000,0x000000076b500000,0x0000000781580000)
  from space 14848K, 99% used [0x0000000781580000,0x00000007823fdf38,0x0000000782400000)
  to   space 18432K, 0% used [0x0000000787880000,0x0000000787880000,0x0000000788a80000)
 ParOldGen       total 126464K, used 21587K [0x00000006c1e00000, 0x00000006c9980000, 0x000000076b500000)
  object space 126464K, 17% used [0x00000006c1e00000,0x00000006c3314d90,0x00000006c9980000)
 Metaspace       used 55539K, capacity 58858K, committed 59028K, reserved 1099776K
  class space    used 7237K, capacity 7813K, committed 7936K, reserved 1048576K
Event: 19.503 GC heap after
Heap after GC invocations=12 (full 3):
 PSYoungGen      total 375808K, used 0K [0x000000076b500000, 0x0000000788a80000, 0x00000007c0000000)
  eden space 360960K, 0% used [0x000000076b500000,0x000000076b500000,0x0000000781580000)
  from space 14848K, 0% used [0x0000000781580000,0x0000000781580000,0x0000000782400000)
  to   space 18432K, 0% used [0x0000000787880000,0x0000000787880000,0x0000000788a80000)
 ParOldGen       total 179712K, used 27898K [0x00000006c1e00000, 0x00000006ccd80000, 0x000000076b500000)
  object space 179712K, 15% used [0x00000006c1e00000,0x00000006c393ebf0,0x00000006ccd80000)
 Metaspace       used 55531K, capacity 58846K, committed 59028K, reserved 1099776K
  class space    used 7236K, capacity 7811K, committed 7936K, reserved 1048576K
}

