# JRE version: Java(TM) SE Runtime Environment (8.0_151-b12) (build 1.8.0_151-b12)
# Java VM: Java HotSpot(TM) 64-Bit Server VM (25.151-b12 mixed mode windows-amd64 compressed oops)
Heap:
 PSYoungGen      total 507904K, used 165046K [0x000000076b500000, 0x000000078be80000, 0x00000007c0000000)
  eden space 489472K, 33% used [0x000000076b500000,0x000000077562d820,0x0000000789300000)
  from space 18432K, 0% used [0x000000078a600000,0x000000078a600000,0x000000078b800000)
  to   space 19456K, 0% used [0x0000000789300000,0x0000000789300000,0x000000078a600000)
 ParOldGen       total 165888K, used 20483K [0x00000006c1e00000, 0x00000006cc000000, 0x000000076b500000)
  object space 165888K, 12% used [0x00000006c1e00000,0x00000006c3200ec0,0x00000006cc000000)
 Metaspace       used 57843K, capacity 61546K, committed 61656K, reserved 1103872K
  class space    used 7487K, capacity 8146K, committed 8192K, reserved 1048576K
GC Heap History (10 events):
Event: 10.200 GC heap before
{Heap before GC invocations=10 (full 2):
 PSYoungGen      total 237056K, used 225280K [0x000000076b500000, 0x0000000783480000, 0x00000007c0000000)
  eden space 225280K, 100% used [0x000000076b500000,0x0000000779100000,0x0000000779100000)
  from space 11776K, 0% used [0x0000000779100000,0x0000000779100000,0x0000000779c80000)
  to   space 11776K, 0% used [0x0000000782900000,0x0000000782900000,0x0000000783480000)
 ParOldGen       total 119808K, used 12139K [0x00000006c1e00000, 0x00000006c9300000, 0x000000076b500000)
  object space 119808K, 10% used [0x00000006c1e00000,0x00000006c29dafc0,0x00000006c9300000)
 Metaspace       used 46101K, capacity 48758K, committed 48984K, reserved 1091584K
  class space    used 6002K, capacity 6501K, committed 6528K, reserved 1048576K
Event: 10.220 GC heap after
Heap after GC invocations=10 (full 2):
 PSYoungGen      total 377856K, used 11751K [0x000000076b500000, 0x0000000783900000, 0x00000007c0000000)
  eden space 366080K, 0% used [0x000000076b500000,0x000000076b500000,0x0000000781a80000)
  from space 11776K, 99% used [0x0000000782900000,0x0000000783479f00,0x0000000783480000)
  to   space 14848K, 0% used [0x0000000781a80000,0x0000000781a80000,0x0000000782900000)
 ParOldGen       total 119808K, used 17105K [0x00000006c1e00000, 0x00000006c9300000, 0x000000076b500000)
  object space 119808K, 14% used [0x00000006c1e00000,0x00000006c2eb4740,0x00000006c9300000)
 Metaspace       used 46101K, capacity 48758K, committed 48984K, reserved 1091584K
  class space    used 6002K, capacity 6501K, committed 6528K, reserved 1048576K
}
Event: 25.268 GC heap before
{Heap before GC invocations=11 (full 2):
 PSYoungGen      total 377856K, used 234075K [0x000000076b500000, 0x0000000783900000, 0x00000007c0000000)
  eden space 366080K, 60% used [0x000000076b500000,0x0000000778e1cd60,0x0000000781a80000)
  from space 11776K, 99% used [0x0000000782900000,0x0000000783479f00,0x0000000783480000)
  to   space 14848K, 0% used [0x0000000781a80000,0x0000000781a80000,0x0000000782900000)
 ParOldGen       total 119808K, used 17105K [0x00000006c1e00000, 0x00000006c9300000, 0x000000076b500000)
  object space 119808K, 14% used [0x00000006c1e00000,0x00000006c2eb4740,0x00000006c9300000)
 Metaspace       used 55594K, capacity 58870K, committed 59028K, reserved 1099776K
  class space    used 7241K, capacity 7815K, committed 7936K, reserved 1048576K
Event: 25.282 GC heap after
Heap after GC invocations=11 (full 2):
 PSYoungGen      total 380928K, used 14838K [0x000000076b500000, 0x000000078b800000, 0x00000007c0000000)
  eden space 366080K, 0% used [0x000000076b500000,0x000000076b500000,0x0000000781a80000)
  from space 14848K, 99% used [0x0000000781a80000,0x00000007828fdbe0,0x0000000782900000)
  to   space 18432K, 0% used [0x000000078a600000,0x000000078a600000,0x000000078b800000)
 ParOldGen       total 119808K, used 21475K [0x00000006c1e00000, 0x00000006c9300000, 0x000000076b500000)
  object space 119808K, 17% used [0x00000006c1e00000,0x00000006c32f8ce0,0x00000006c9300000)
 Metaspace       used 55594K, capacity 58870K, committed 59028K, reserved 1099776K
  class space    used 7241K, capacity 7815K, committed 7936K, reserved 1048576K
}
Event: 25.282 GC heap before
{Heap before GC invocations=12 (full 3):
 PSYoungGen      total 380928K, used 14838K [0x000000076b500000, 0x000000078b800000, 0x00000007c0000000)
  eden space 366080K, 0% used [0x000000076b500000,0x000000076b500000,0x0000000781a80000)
  from space 14848K, 99% used [0x0000000781a80000,0x00000007828fdbe0,0x0000000782900000)
  to   space 18432K, 0% used [0x000000078a600000,0x000000078a600000,0x000000078b800000)
 ParOldGen       total 119808K, used 21475K [0x00000006c1e00000, 0x00000006c9300000, 0x000000076b500000)
  object space 119808K, 17% used [0x00000006c1e00000,0x00000006c32f8ce0,0x00000006c9300000)
 Metaspace       used 55594K, capacity 58870K, committed 59028K, reserved 1099776K
  class space    used 7241K, capacity 7815K, committed 7936K, reserved 1048576K
Event: 25.419 GC heap after
Heap after GC invocations=12 (full 3):
 PSYoungGen      total 380928K, used 0K [0x000000076b500000, 0x000000078b800000, 0x00000007c0000000)
  eden space 366080K, 0% used [0x000000076b500000,0x000000076b500000,0x0000000781a80000)
  from space 14848K, 0% used [0x0000000781a80000,0x0000000781a80000,0x0000000782900000)
  to   space 18432K, 0% used [0x000000078a600000,0x000000078a600000,0x000000078b800000)
 ParOldGen       total 165888K, used 27772K [0x00000006c1e00000, 0x00000006cc000000, 0x000000076b500000)
  object space 165888K, 16% used [0x00000006c1e00000,0x00000006c391f270,0x00000006cc000000)
 Metaspace       used 55587K, capacity 58858K, committed 59028K, reserved 1099776K
  class space    used 7240K, capacity 7813K, committed 7936K, reserved 1048576K
}
Event: 94.610 GC heap before
{Heap before GC invocations=13 (full 3):
 PSYoungGen      total 380928K, used 122453K [0x000000076b500000, 0x000000078b800000, 0x00000007c0000000)
  eden space 366080K, 33% used [0x000000076b500000,0x0000000772c956b0,0x0000000781a80000)
  from space 14848K, 0% used [0x0000000781a80000,0x0000000781a80000,0x0000000782900000)
  to   space 18432K, 0% used [0x000000078a600000,0x000000078a600000,0x000000078b800000)
 ParOldGen       total 165888K, used 27772K [0x00000006c1e00000, 0x00000006cc000000, 0x000000076b500000)
  object space 165888K, 16% used [0x00000006c1e00000,0x00000006c391f270,0x00000006cc000000)
 Metaspace       used 57102K, capacity 60640K, committed 60888K, reserved 1101824K
  class space    used 7455K, capacity 8087K, committed 8192K, reserved 1048576K
Event: 94.614 GC heap after
Heap after GC invocations=13 (full 3):
 PSYoungGen      total 507904K, used 1423K [0x000000076b500000, 0x000000078be80000, 0x00000007c0000000)
  eden space 489472K, 0% used [0x000000076b500000,0x000000076b500000,0x0000000789300000)
  from space 18432K, 7% used [0x000000078a600000,0x000000078a763f48,0x000000078b800000)
  to   space 19456K, 0% used [0x0000000789300000,0x0000000789300000,0x000000078a600000)
 ParOldGen       total 165888K, used 27780K [0x00000006c1e00000, 0x00000006cc000000, 0x000000076b500000)
  object space 165888K, 16% used [0x00000006c1e00000,0x00000006c3921270,0x00000006cc000000)
 Metaspace       used 57102K, capacity 60640K, committed 60888K, reserved 1101824K
  class space    used 7455K, capacity 8087K, committed 8192K, reserved 1048576K
}
Event: 94.614 GC heap before
{Heap before GC invocations=14 (full 4):
 PSYoungGen      total 507904K, used 1423K [0x000000076b500000, 0x000000078be80000, 0x00000007c0000000)
  eden space 489472K, 0% used [0x000000076b500000,0x000000076b500000,0x0000000789300000)
  from space 18432K, 7% used [0x000000078a600000,0x000000078a763f48,0x000000078b800000)
  to   space 19456K, 0% used [0x0000000789300000,0x0000000789300000,0x000000078a600000)
 ParOldGen       total 165888K, used 27780K [0x00000006c1e00000, 0x00000006cc000000, 0x000000076b500000)
  object space 165888K, 16% used [0x00000006c1e00000,0x00000006c3921270,0x00000006cc000000)
 Metaspace       used 57102K, capacity 60640K, committed 60888K, reserved 1101824K
  class space    used 7455K, capacity 8087K, committed 8192K, reserved 1048576K
Event: 94.779 GC heap after
Heap after GC invocations=14 (full 4):
 PSYoungGen      total 507904K, used 0K [0x000000076b500000, 0x000000078be80000, 0x00000007c0000000)
  eden space 489472K, 0% used [0x000000076b500000,0x000000076b500000,0x0000000789300000)
  from space 18432K, 0% used [0x000000078a600000,0x000000078a600000,0x000000078b800000)
  to   space 19456K, 0% used [0x0000000789300000,0x0000000789300000,0x000000078a600000)
 ParOldGen       total 165888K, used 20483K [0x00000006c1e00000, 0x00000006cc000000, 0x000000076b500000)
  object space 165888K, 12% used [0x00000006c1e00000,0x00000006c3200ec0,0x00000006cc000000)
 Metaspace       used 57102K, capacity 60640K, committed 60888K, reserved 1101824K
  class space    used 7455K, capacity 8087K, committed 8192K, reserved 1048576K
}

