# JRE version: Java(TM) SE Runtime Environment (8.0_151-b12) (build 1.8.0_151-b12)
# Java VM: Java HotSpot(TM) 64-Bit Server VM (25.151-b12 mixed mode windows-amd64 compressed oops)
Heap:
 PSYoungGen      total 475648K, used 31082K [0x000000076b500000, 0x0000000789c80000, 0x00000007c0000000)
  eden space 457216K, 6% used [0x000000076b500000,0x000000076d35ab18,0x0000000787380000)
  from space 18432K, 0% used [0x0000000788600000,0x0000000788600000,0x0000000789800000)
  to   space 18944K, 0% used [0x0000000787380000,0x0000000787380000,0x0000000788600000)
 ParOldGen       total 176640K, used 20493K [0x00000006c1e00000, 0x00000006cca80000, 0x000000076b500000)
  object space 176640K, 11% used [0x00000006c1e00000,0x00000006c32037e8,0x00000006cca80000)
 Metaspace       used 57207K, capacity 60775K, committed 60888K, reserved 1101824K
  class space    used 7468K, capacity 8131K, committed 8192K, reserved 1048576K
GC Heap History (10 events):
Event: 9.603 GC heap before
{Heap before GC invocations=10 (full 2):
 PSYoungGen      total 226304K, used 214016K [0x000000076b500000, 0x0000000782200000, 0x00000007c0000000)
  eden space 214016K, 100% used [0x000000076b500000,0x0000000778600000,0x0000000778600000)
  from space 12288K, 0% used [0x0000000778600000,0x0000000778600000,0x0000000779200000)
  to   space 11776K, 0% used [0x0000000781680000,0x0000000781680000,0x0000000782200000)
 ParOldGen       total 128000K, used 12193K [0x00000006c1e00000, 0x00000006c9b00000, 0x000000076b500000)
  object space 128000K, 9% used [0x00000006c1e00000,0x00000006c29e8750,0x00000006c9b00000)
 Metaspace       used 45719K, capacity 48365K, committed 48512K, reserved 1091584K
  class space    used 5950K, capacity 6425K, committed 6528K, reserved 1048576K
Event: 9.629 GC heap after
Heap after GC invocations=10 (full 2):
 PSYoungGen      total 356352K, used 11775K [0x000000076b500000, 0x0000000782280000, 0x00000007c0000000)
  eden space 344576K, 0% used [0x000000076b500000,0x000000076b500000,0x0000000780580000)
  from space 11776K, 99% used [0x0000000781680000,0x00000007821ffd40,0x0000000782200000)
  to   space 14848K, 0% used [0x0000000780580000,0x0000000780580000,0x0000000781400000)
 ParOldGen       total 128000K, used 16125K [0x00000006c1e00000, 0x00000006c9b00000, 0x000000076b500000)
  object space 128000K, 12% used [0x00000006c1e00000,0x00000006c2dbf760,0x00000006c9b00000)
 Metaspace       used 45719K, capacity 48365K, committed 48512K, reserved 1091584K
  class space    used 5950K, capacity 6425K, committed 6528K, reserved 1048576K
}
Event: 19.090 GC heap before
{Heap before GC invocations=11 (full 2):
 PSYoungGen      total 356352K, used 240053K [0x000000076b500000, 0x0000000782280000, 0x00000007c0000000)
  eden space 344576K, 66% used [0x000000076b500000,0x00000007793ed978,0x0000000780580000)
  from space 11776K, 99% used [0x0000000781680000,0x00000007821ffd40,0x0000000782200000)
  to   space 14848K, 0% used [0x0000000780580000,0x0000000780580000,0x0000000781400000)
 ParOldGen       total 128000K, used 16125K [0x00000006c1e00000, 0x00000006c9b00000, 0x000000076b500000)
  object space 128000K, 12% used [0x00000006c1e00000,0x00000006c2dbf760,0x00000006c9b00000)
 Metaspace       used 55605K, capacity 58925K, committed 59096K, reserved 1099776K
  class space    used 7242K, capacity 7815K, committed 7936K, reserved 1048576K
Event: 19.103 GC heap after
Heap after GC invocations=11 (full 2):
 PSYoungGen      total 359424K, used 14835K [0x000000076b500000, 0x0000000789800000, 0x00000007c0000000)
  eden space 344576K, 0% used [0x000000076b500000,0x000000076b500000,0x0000000780580000)
  from space 14848K, 99% used [0x0000000780580000,0x00000007813fcdb8,0x0000000781400000)
  to   space 18432K, 0% used [0x0000000788600000,0x0000000788600000,0x0000000789800000)
 ParOldGen       total 128000K, used 20698K [0x00000006c1e00000, 0x00000006c9b00000, 0x000000076b500000)
  object space 128000K, 16% used [0x00000006c1e00000,0x00000006c3236a10,0x00000006c9b00000)
 Metaspace       used 55605K, capacity 58925K, committed 59096K, reserved 1099776K
  class space    used 7242K, capacity 7815K, committed 7936K, reserved 1048576K
}
Event: 19.103 GC heap before
{Heap before GC invocations=12 (full 3):
 PSYoungGen      total 359424K, used 14835K [0x000000076b500000, 0x0000000789800000, 0x00000007c0000000)
  eden space 344576K, 0% used [0x000000076b500000,0x000000076b500000,0x0000000780580000)
  from space 14848K, 99% used [0x0000000780580000,0x00000007813fcdb8,0x0000000781400000)
  to   space 18432K, 0% used [0x0000000788600000,0x0000000788600000,0x0000000789800000)
 ParOldGen       total 128000K, used 20698K [0x00000006c1e00000, 0x00000006c9b00000, 0x000000076b500000)
  object space 128000K, 16% used [0x00000006c1e00000,0x00000006c3236a10,0x00000006c9b00000)
 Metaspace       used 55605K, capacity 58925K, committed 59096K, reserved 1099776K
  class space    used 7242K, capacity 7815K, committed 7936K, reserved 1048576K
Event: 19.231 GC heap after
Heap after GC invocations=12 (full 3):
 PSYoungGen      total 359424K, used 0K [0x000000076b500000, 0x0000000789800000, 0x00000007c0000000)
  eden space 344576K, 0% used [0x000000076b500000,0x000000076b500000,0x0000000780580000)
  from space 14848K, 0% used [0x0000000780580000,0x0000000780580000,0x0000000781400000)
  to   space 18432K, 0% used [0x0000000788600000,0x0000000788600000,0x0000000789800000)
 ParOldGen       total 176640K, used 28058K [0x00000006c1e00000, 0x00000006cca80000, 0x000000076b500000)
  object space 176640K, 15% used [0x00000006c1e00000,0x00000006c3966898,0x00000006cca80000)
 Metaspace       used 55597K, capacity 58913K, committed 59096K, reserved 1099776K
  class space    used 7241K, capacity 7813K, committed 7936K, reserved 1048576K
}
Event: 94.037 GC heap before
{Heap before GC invocations=13 (full 3):
 PSYoungGen      total 359424K, used 106615K [0x000000076b500000, 0x0000000789800000, 0x00000007c0000000)
  eden space 344576K, 30% used [0x000000076b500000,0x0000000771d1def0,0x0000000780580000)
  from space 14848K, 0% used [0x0000000780580000,0x0000000780580000,0x0000000781400000)
  to   space 18432K, 0% used [0x0000000788600000,0x0000000788600000,0x0000000789800000)
 ParOldGen       total 176640K, used 28058K [0x00000006c1e00000, 0x00000006cca80000, 0x000000076b500000)
  object space 176640K, 15% used [0x00000006c1e00000,0x00000006c3966898,0x00000006cca80000)
 Metaspace       used 57060K, capacity 60579K, committed 60888K, reserved 1101824K
  class space    used 7456K, capacity 8089K, committed 8192K, reserved 1048576K
Event: 94.042 GC heap after
Heap after GC invocations=13 (full 3):
 PSYoungGen      total 475648K, used 1504K [0x000000076b500000, 0x0000000789c80000, 0x00000007c0000000)
  eden space 457216K, 0% used [0x000000076b500000,0x000000076b500000,0x0000000787380000)
  from space 18432K, 8% used [0x0000000788600000,0x0000000788778108,0x0000000789800000)
  to   space 18944K, 0% used [0x0000000787380000,0x0000000787380000,0x0000000788600000)
 ParOldGen       total 176640K, used 28066K [0x00000006c1e00000, 0x00000006cca80000, 0x000000076b500000)
  object space 176640K, 15% used [0x00000006c1e00000,0x00000006c3968898,0x00000006cca80000)
 Metaspace       used 57060K, capacity 60579K, committed 60888K, reserved 1101824K
  class space    used 7456K, capacity 8089K, committed 8192K, reserved 1048576K
}
Event: 94.042 GC heap before
{Heap before GC invocations=14 (full 4):
 PSYoungGen      total 475648K, used 1504K [0x000000076b500000, 0x0000000789c80000, 0x00000007c0000000)
  eden space 457216K, 0% used [0x000000076b500000,0x000000076b500000,0x0000000787380000)
  from space 18432K, 8% used [0x0000000788600000,0x0000000788778108,0x0000000789800000)
  to   space 18944K, 0% used [0x0000000787380000,0x0000000787380000,0x0000000788600000)
 ParOldGen       total 176640K, used 28066K [0x00000006c1e00000, 0x00000006cca80000, 0x000000076b500000)
  object space 176640K, 15% used [0x00000006c1e00000,0x00000006c3968898,0x00000006cca80000)
 Metaspace       used 57060K, capacity 60579K, committed 60888K, reserved 1101824K
  class space    used 7456K, capacity 8089K, committed 8192K, reserved 1048576K
Event: 94.263 GC heap after
Heap after GC invocations=14 (full 4):
 PSYoungGen      total 475648K, used 0K [0x000000076b500000, 0x0000000789c80000, 0x00000007c0000000)
  eden space 457216K, 0% used [0x000000076b500000,0x000000076b500000,0x0000000787380000)
  from space 18432K, 0% used [0x0000000788600000,0x0000000788600000,0x0000000789800000)
  to   space 18944K, 0% used [0x0000000787380000,0x0000000787380000,0x0000000788600000)
 ParOldGen       total 176640K, used 20493K [0x00000006c1e00000, 0x00000006cca80000, 0x000000076b500000)
  object space 176640K, 11% used [0x00000006c1e00000,0x00000006c32037e8,0x00000006cca80000)
 Metaspace       used 57060K, capacity 60579K, committed 60888K, reserved 1101824K
  class space    used 7456K, capacity 8089K, committed 8192K, reserved 1048576K
}

